<?xml version="1.0" encoding="UTF-8"?>
<!-- Generated by org.testng.reporters.JUnitReportReporter -->
<testsuite hostname="Yuvalp" name="TestReport" tests="1" failures="0" timestamp="11 Aug 2017 15:03:23 GMT" time="27.914" errors="0">
  <testcase name="verifyBlogTitle" time="27.914" classname="TestReport"/>
</testsuite>
