<?xml version="1.0" encoding="UTF-8"?>
<!-- Generated by org.testng.reporters.JUnitReportReporter -->
<testsuite hostname="Yuvalp" name="TestReport2" tests="1" failures="0" timestamp="11 Aug 2017 14:12:34 GMT" time="11.806" errors="0">
  <testcase name="verifyBlogTitle" time="11.806" classname="TestReport2"/>
</testsuite> <!-- TestReport2 -->
