<?xml version="1.0" encoding="UTF-8"?>
<!-- Generated by org.testng.reporters.JUnitReportReporter -->
<testsuite hostname="Yuvalp" name="Screenshot" tests="1" failures="0" timestamp="10 Aug 2017 18:06:02 GMT" time="10.815" errors="0">
  <testcase name="TestJavaS1" time="10.815" classname="Screenshot"/>
</testsuite> <!-- Screenshot -->
