<?xml version="1.0" encoding="UTF-8"?>
<!-- Generated by org.testng.reporters.JUnitReportReporter -->
<testsuite hostname="Yuvalp" name="TestReport" tests="1" failures="0" timestamp="11 Aug 2017 14:48:44 GMT" time="25.522" errors="0">
  <testcase name="verifyBlogTitle" time="25.522" classname="TestReport"/>
</testsuite> <!-- TestReport -->
